<?xml version="1.0" encoding="UTF-8"?>
<testng-results ignored="0" total="2" passed="2" failed="0" skipped="0">
  <reporter-output>
  </reporter-output>
  <suite started-at="2023-03-20T12:49:38 IST" name="Default suite" finished-at="2023-03-20T12:49:38 IST" duration-ms="52">
    <groups>
    </groups>
    <test started-at="2023-03-20T12:49:38 IST" name="Default test" finished-at="2023-03-20T12:49:38 IST" duration-ms="52">
      <class name="PKG1.ps1">
        <test-method is-config="true" signature="buf()[pri:0, instance:PKG1.ps1@a2431d0]" started-at="2023-03-20T12:49:38 IST" name="buf" finished-at="2023-03-20T12:49:38 IST" duration-ms="6" status="PASS">
          <reporter-output>
          </reporter-output>
        </test-method> <!-- buf -->
        <test-method signature="add()[pri:0, instance:PKG1.ps1@a2431d0]" started-at="2023-03-20T12:49:38 IST" name="add" finished-at="2023-03-20T12:49:38 IST" duration-ms="5" status="PASS">
          <reporter-output>
          </reporter-output>
        </test-method> <!-- add -->
        <test-method signature="sub()[pri:0, instance:PKG1.ps1@a2431d0]" started-at="2023-03-20T12:49:38 IST" name="sub" finished-at="2023-03-20T12:49:38 IST" duration-ms="3" status="PASS">
          <reporter-output>
          </reporter-output>
        </test-method> <!-- sub -->
      </class> <!-- PKG1.ps1 -->
    </test> <!-- Default test -->
  </suite> <!-- Default suite -->
</testng-results>
